2024/11/06 14:36:07 [notice] 1#1: using the "epoll" event method
2024/11/06 14:36:07 [notice] 1#1: nginx/1.25.2
2024/11/06 14:36:07 [notice] 1#1: built by gcc 12.2.0 (Debian 12.2.0-14) 
2024/11/06 14:36:07 [notice] 1#1: OS: Linux 5.15.0-122-generic
2024/11/06 14:36:07 [notice] 1#1: getrlimit(RLIMIT_NOFILE): 1048576:1048576
2024/11/06 14:36:07 [notice] 1#1: start worker processes
2024/11/06 14:36:07 [notice] 1#1: start worker process 29
2024/11/06 14:36:07 [notice] 1#1: start worker process 30
2024/11/06 15:34:58 [notice] 1#1: signal 3 (SIGQUIT) received, shutting down
2024/11/06 15:34:58 [notice] 30#30: gracefully shutting down
2024/11/06 15:34:58 [notice] 30#30: exiting
2024/11/06 15:34:58 [notice] 30#30: exit
2024/11/06 15:34:58 [notice] 29#29: gracefully shutting down
2024/11/06 15:34:58 [notice] 29#29: exiting
2024/11/06 15:34:58 [notice] 29#29: exit
2024/11/06 15:34:58 [notice] 1#1: signal 17 (SIGCHLD) received from 30
2024/11/06 15:34:58 [notice] 1#1: worker process 30 exited with code 0
2024/11/06 15:34:58 [notice] 1#1: signal 29 (SIGIO) received
2024/11/06 15:34:58 [notice] 1#1: signal 17 (SIGCHLD) received from 29
2024/11/06 15:34:58 [notice] 1#1: worker process 29 exited with code 0
2024/11/06 15:34:58 [notice] 1#1: exit
2024/11/06 15:35:11 [notice] 1#1: using the "epoll" event method
2024/11/06 15:35:11 [notice] 1#1: nginx/1.25.2
2024/11/06 15:35:11 [notice] 1#1: built by gcc 12.2.0 (Debian 12.2.0-14) 
2024/11/06 15:35:11 [notice] 1#1: OS: Linux 5.15.0-122-generic
2024/11/06 15:35:11 [notice] 1#1: getrlimit(RLIMIT_NOFILE): 1048576:1048576
2024/11/06 15:35:11 [notice] 1#1: start worker processes
2024/11/06 15:35:11 [notice] 1#1: start worker process 29
2024/11/06 15:35:11 [notice] 1#1: start worker process 30
2024/11/06 17:14:33 [notice] 1#1: signal 3 (SIGQUIT) received, shutting down
2024/11/06 17:14:33 [notice] 30#30: gracefully shutting down
2024/11/06 17:14:33 [notice] 29#29: gracefully shutting down
2024/11/06 17:14:33 [notice] 30#30: exiting
2024/11/06 17:14:33 [notice] 29#29: exiting
2024/11/06 17:14:33 [notice] 30#30: exit
2024/11/06 17:14:33 [notice] 29#29: exit
2024/11/06 17:14:33 [notice] 1#1: signal 17 (SIGCHLD) received from 29
2024/11/06 17:14:33 [notice] 1#1: worker process 29 exited with code 0
2024/11/06 17:14:33 [notice] 1#1: worker process 30 exited with code 0
2024/11/06 17:14:33 [notice] 1#1: exit
2024/11/06 17:15:44 [notice] 1#1: using the "epoll" event method
2024/11/06 17:15:44 [notice] 1#1: nginx/1.25.2
2024/11/06 17:15:44 [notice] 1#1: built by gcc 12.2.0 (Debian 12.2.0-14) 
2024/11/06 17:15:44 [notice] 1#1: OS: Linux 5.15.0-122-generic
2024/11/06 17:15:44 [notice] 1#1: getrlimit(RLIMIT_NOFILE): 1048576:1048576
2024/11/06 17:15:44 [notice] 1#1: start worker processes
2024/11/06 17:15:44 [notice] 1#1: start worker process 29
2024/11/06 17:15:44 [notice] 1#1: start worker process 30
2024/11/06 17:20:19 [notice] 1#1: signal 3 (SIGQUIT) received, shutting down
2024/11/06 17:20:19 [notice] 30#30: gracefully shutting down
2024/11/06 17:20:19 [notice] 29#29: gracefully shutting down
2024/11/06 17:20:19 [notice] 29#29: exiting
2024/11/06 17:20:19 [notice] 30#30: exiting
2024/11/06 17:20:19 [notice] 29#29: exit
2024/11/06 17:20:19 [notice] 30#30: exit
2024/11/06 17:20:19 [notice] 1#1: signal 17 (SIGCHLD) received from 29
2024/11/06 17:20:19 [notice] 1#1: worker process 29 exited with code 0
2024/11/06 17:20:19 [notice] 1#1: signal 29 (SIGIO) received
2024/11/06 17:20:19 [notice] 1#1: signal 17 (SIGCHLD) received from 30
2024/11/06 17:20:19 [notice] 1#1: worker process 30 exited with code 0
2024/11/06 17:20:19 [notice] 1#1: exit
2024/11/06 17:22:37 [notice] 1#1: using the "epoll" event method
2024/11/06 17:22:37 [notice] 1#1: nginx/1.25.2
2024/11/06 17:22:37 [notice] 1#1: built by gcc 12.2.0 (Debian 12.2.0-14) 
2024/11/06 17:22:37 [notice] 1#1: OS: Linux 5.15.0-122-generic
2024/11/06 17:22:37 [notice] 1#1: getrlimit(RLIMIT_NOFILE): 1048576:1048576
2024/11/06 17:22:37 [notice] 1#1: start worker processes
2024/11/06 17:22:37 [notice] 1#1: start worker process 29
2024/11/06 17:22:37 [notice] 1#1: start worker process 30
2024/11/06 17:27:15 [notice] 1#1: signal 3 (SIGQUIT) received, shutting down
2024/11/06 17:27:15 [notice] 29#29: gracefully shutting down
2024/11/06 17:27:15 [notice] 30#30: gracefully shutting down
2024/11/06 17:27:15 [notice] 30#30: exiting
2024/11/06 17:27:15 [notice] 29#29: exiting
2024/11/06 17:27:15 [notice] 30#30: exit
2024/11/06 17:27:15 [notice] 29#29: exit
2024/11/06 17:27:15 [notice] 1#1: signal 17 (SIGCHLD) received from 30
2024/11/06 17:27:15 [notice] 1#1: worker process 30 exited with code 0
2024/11/06 17:27:15 [notice] 1#1: signal 29 (SIGIO) received
2024/11/06 17:27:15 [notice] 1#1: signal 17 (SIGCHLD) received from 29
2024/11/06 17:27:15 [notice] 1#1: worker process 29 exited with code 0
2024/11/06 17:27:15 [notice] 1#1: exit
2024/11/06 17:27:30 [notice] 1#1: using the "epoll" event method
2024/11/06 17:27:30 [notice] 1#1: nginx/1.25.2
2024/11/06 17:27:30 [notice] 1#1: built by gcc 12.2.0 (Debian 12.2.0-14) 
2024/11/06 17:27:30 [notice] 1#1: OS: Linux 5.15.0-122-generic
2024/11/06 17:27:30 [notice] 1#1: getrlimit(RLIMIT_NOFILE): 1048576:1048576
2024/11/06 17:27:30 [notice] 1#1: start worker processes
2024/11/06 17:27:30 [notice] 1#1: start worker process 29
2024/11/06 17:27:30 [notice] 1#1: start worker process 30
2024/11/06 17:32:32 [notice] 1#1: signal 3 (SIGQUIT) received, shutting down
2024/11/06 17:32:32 [notice] 29#29: gracefully shutting down
2024/11/06 17:32:32 [notice] 30#30: gracefully shutting down
2024/11/06 17:32:32 [notice] 30#30: exiting
2024/11/06 17:32:32 [notice] 29#29: exiting
2024/11/06 17:32:32 [notice] 30#30: exit
2024/11/06 17:32:32 [notice] 29#29: exit
2024/11/06 17:32:32 [notice] 1#1: signal 17 (SIGCHLD) received from 29
2024/11/06 17:32:32 [notice] 1#1: worker process 29 exited with code 0
2024/11/06 17:32:32 [notice] 1#1: signal 17 (SIGCHLD) received from 30
2024/11/06 17:32:32 [notice] 1#1: worker process 30 exited with code 0
2024/11/06 17:32:32 [notice] 1#1: exit
2024/11/06 17:33:12 [notice] 1#1: using the "epoll" event method
2024/11/06 17:33:12 [notice] 1#1: nginx/1.25.2
2024/11/06 17:33:12 [notice] 1#1: built by gcc 12.2.0 (Debian 12.2.0-14) 
2024/11/06 17:33:12 [notice] 1#1: OS: Linux 5.15.0-122-generic
2024/11/06 17:33:12 [notice] 1#1: getrlimit(RLIMIT_NOFILE): 1048576:1048576
2024/11/06 17:33:12 [notice] 1#1: start worker processes
2024/11/06 17:33:12 [notice] 1#1: start worker process 30
2024/11/06 17:33:12 [notice] 1#1: start worker process 31
2024/11/06 17:40:48 [notice] 1#1: signal 3 (SIGQUIT) received, shutting down
2024/11/06 17:40:48 [notice] 31#31: gracefully shutting down
2024/11/06 17:40:48 [notice] 31#31: exiting
2024/11/06 17:40:48 [notice] 30#30: gracefully shutting down
2024/11/06 17:40:48 [notice] 30#30: exiting
2024/11/06 17:40:48 [notice] 31#31: exit
2024/11/06 17:40:48 [notice] 30#30: exit
2024/11/06 17:40:48 [notice] 1#1: signal 17 (SIGCHLD) received from 31
2024/11/06 17:40:48 [notice] 1#1: worker process 31 exited with code 0
2024/11/06 17:40:48 [notice] 1#1: signal 29 (SIGIO) received
2024/11/06 17:40:48 [notice] 1#1: signal 17 (SIGCHLD) received from 30
2024/11/06 17:40:48 [notice] 1#1: worker process 30 exited with code 0
2024/11/06 17:40:48 [notice] 1#1: exit
2024/11/06 17:40:49 [notice] 1#1: using the "epoll" event method
2024/11/06 17:40:49 [notice] 1#1: nginx/1.25.2
2024/11/06 17:40:49 [notice] 1#1: built by gcc 12.2.0 (Debian 12.2.0-14) 
2024/11/06 17:40:49 [notice] 1#1: OS: Linux 5.15.0-122-generic
2024/11/06 17:40:49 [notice] 1#1: getrlimit(RLIMIT_NOFILE): 1048576:1048576
2024/11/06 17:40:49 [notice] 1#1: start worker processes
2024/11/06 17:40:49 [notice] 1#1: start worker process 22
2024/11/06 17:40:49 [notice] 1#1: start worker process 23
2024/11/06 17:41:26 [notice] 1#1: signal 3 (SIGQUIT) received, shutting down
2024/11/06 17:41:26 [notice] 23#23: gracefully shutting down
2024/11/06 17:41:26 [notice] 22#22: gracefully shutting down
2024/11/06 17:41:26 [notice] 23#23: exiting
2024/11/06 17:41:26 [notice] 22#22: exiting
2024/11/06 17:41:26 [notice] 23#23: exit
2024/11/06 17:41:26 [notice] 22#22: exit
2024/11/06 17:41:26 [notice] 1#1: signal 17 (SIGCHLD) received from 22
2024/11/06 17:41:26 [notice] 1#1: worker process 22 exited with code 0
2024/11/06 17:41:26 [notice] 1#1: signal 29 (SIGIO) received
2024/11/06 17:41:26 [notice] 1#1: signal 17 (SIGCHLD) received from 23
2024/11/06 17:41:26 [notice] 1#1: worker process 23 exited with code 0
2024/11/06 17:41:26 [notice] 1#1: exit
2024/11/06 17:41:45 [notice] 1#1: using the "epoll" event method
2024/11/06 17:41:45 [notice] 1#1: nginx/1.25.2
2024/11/06 17:41:45 [notice] 1#1: built by gcc 12.2.0 (Debian 12.2.0-14) 
2024/11/06 17:41:45 [notice] 1#1: OS: Linux 5.15.0-122-generic
2024/11/06 17:41:45 [notice] 1#1: getrlimit(RLIMIT_NOFILE): 1048576:1048576
2024/11/06 17:41:45 [notice] 1#1: start worker processes
2024/11/06 17:41:45 [notice] 1#1: start worker process 29
2024/11/06 17:41:45 [notice] 1#1: start worker process 30
2024/11/06 17:46:53 [notice] 1#1: signal 3 (SIGQUIT) received, shutting down
2024/11/06 17:46:53 [notice] 30#30: gracefully shutting down
2024/11/06 17:46:53 [notice] 29#29: gracefully shutting down
2024/11/06 17:46:53 [notice] 29#29: exiting
2024/11/06 17:46:53 [notice] 30#30: exiting
2024/11/06 17:46:53 [notice] 29#29: exit
2024/11/06 17:46:53 [notice] 30#30: exit
2024/11/06 17:46:53 [notice] 1#1: signal 17 (SIGCHLD) received from 30
2024/11/06 17:46:53 [notice] 1#1: worker process 30 exited with code 0
2024/11/06 17:46:53 [notice] 1#1: signal 29 (SIGIO) received
2024/11/06 17:46:53 [notice] 1#1: signal 17 (SIGCHLD) received from 29
2024/11/06 17:46:53 [notice] 1#1: worker process 29 exited with code 0
2024/11/06 17:46:53 [notice] 1#1: exit
2024/11/07 09:58:31 [notice] 1#1: using the "epoll" event method
2024/11/07 09:58:31 [notice] 1#1: nginx/1.27.2
2024/11/07 09:58:31 [notice] 1#1: built by gcc 12.2.0 (Debian 12.2.0-14) 
2024/11/07 09:58:31 [notice] 1#1: OS: Linux 6.5.0-1025-azure
2024/11/07 09:58:31 [notice] 1#1: getrlimit(RLIMIT_NOFILE): 1048576:1048576
2024/11/07 09:58:31 [notice] 1#1: start worker processes
2024/11/07 09:58:31 [notice] 1#1: start worker process 29
2024/11/07 09:58:31 [notice] 1#1: start worker process 30
2024/11/07 10:13:26 [notice] 1#1: signal 3 (SIGQUIT) received, shutting down
2024/11/07 10:13:26 [notice] 29#29: gracefully shutting down
2024/11/07 10:13:26 [notice] 29#29: exiting
2024/11/07 10:13:26 [notice] 29#29: exit
2024/11/07 10:13:26 [notice] 30#30: gracefully shutting down
2024/11/07 10:13:26 [notice] 30#30: exiting
2024/11/07 10:13:26 [notice] 30#30: exit
2024/11/07 10:13:26 [notice] 1#1: signal 17 (SIGCHLD) received from 29
2024/11/07 10:13:26 [notice] 1#1: worker process 29 exited with code 0
2024/11/07 10:13:26 [notice] 1#1: worker process 30 exited with code 0
2024/11/07 10:13:26 [notice] 1#1: exit
2024/11/07 10:13:40 [notice] 1#1: using the "epoll" event method
2024/11/07 10:13:40 [notice] 1#1: nginx/1.27.2
2024/11/07 10:13:40 [notice] 1#1: built by gcc 12.2.0 (Debian 12.2.0-14) 
2024/11/07 10:13:40 [notice] 1#1: OS: Linux 6.5.0-1025-azure
2024/11/07 10:13:40 [notice] 1#1: getrlimit(RLIMIT_NOFILE): 1048576:1048576
2024/11/07 10:13:40 [notice] 1#1: start worker processes
2024/11/07 10:13:40 [notice] 1#1: start worker process 30
2024/11/07 10:13:40 [notice] 1#1: start worker process 31
2024/11/07 10:17:57 [notice] 1#1: signal 3 (SIGQUIT) received, shutting down
2024/11/07 10:17:57 [notice] 30#30: gracefully shutting down
2024/11/07 10:17:57 [notice] 31#31: gracefully shutting down
2024/11/07 10:17:57 [notice] 31#31: exiting
2024/11/07 10:17:57 [notice] 30#30: exiting
2024/11/07 10:17:57 [notice] 30#30: exit
2024/11/07 10:17:57 [notice] 31#31: exit
2024/11/07 10:17:57 [notice] 1#1: signal 17 (SIGCHLD) received from 30
2024/11/07 10:17:57 [notice] 1#1: worker process 30 exited with code 0
2024/11/07 10:17:57 [notice] 1#1: signal 29 (SIGIO) received
2024/11/07 10:17:57 [notice] 1#1: signal 17 (SIGCHLD) received from 31
2024/11/07 10:17:57 [notice] 1#1: worker process 31 exited with code 0
2024/11/07 10:17:57 [notice] 1#1: exit
2024/11/07 10:18:21 [notice] 1#1: using the "epoll" event method
2024/11/07 10:18:21 [notice] 1#1: nginx/1.27.2
2024/11/07 10:18:21 [notice] 1#1: built by gcc 12.2.0 (Debian 12.2.0-14) 
2024/11/07 10:18:21 [notice] 1#1: OS: Linux 6.5.0-1025-azure
2024/11/07 10:18:21 [notice] 1#1: getrlimit(RLIMIT_NOFILE): 1048576:1048576
2024/11/07 10:18:21 [notice] 1#1: start worker processes
2024/11/07 10:18:21 [notice] 1#1: start worker process 29
2024/11/07 10:18:21 [notice] 1#1: start worker process 30
2024/11/07 10:19:58 [notice] 1#1: signal 3 (SIGQUIT) received, shutting down
2024/11/07 10:19:58 [notice] 29#29: gracefully shutting down
2024/11/07 10:19:58 [notice] 29#29: exiting
2024/11/07 10:19:58 [notice] 29#29: exit
2024/11/07 10:19:58 [notice] 30#30: gracefully shutting down
2024/11/07 10:19:58 [notice] 30#30: exiting
2024/11/07 10:19:58 [notice] 30#30: exit
2024/11/07 10:19:58 [notice] 1#1: signal 17 (SIGCHLD) received from 30
2024/11/07 10:19:58 [notice] 1#1: worker process 30 exited with code 0
2024/11/07 10:19:58 [notice] 1#1: signal 29 (SIGIO) received
2024/11/07 10:19:58 [notice] 1#1: signal 17 (SIGCHLD) received from 29
2024/11/07 10:19:58 [notice] 1#1: worker process 29 exited with code 0
2024/11/07 10:19:58 [notice] 1#1: exit
2024/11/07 10:20:59 [notice] 1#1: using the "epoll" event method
2024/11/07 10:20:59 [notice] 1#1: nginx/1.27.2
2024/11/07 10:20:59 [notice] 1#1: built by gcc 12.2.0 (Debian 12.2.0-14) 
2024/11/07 10:20:59 [notice] 1#1: OS: Linux 6.5.0-1025-azure
2024/11/07 10:20:59 [notice] 1#1: getrlimit(RLIMIT_NOFILE): 1048576:1048576
2024/11/07 10:20:59 [notice] 1#1: start worker processes
2024/11/07 10:20:59 [notice] 1#1: start worker process 29
2024/11/07 10:20:59 [notice] 1#1: start worker process 30
2024/11/07 10:23:36 [notice] 1#1: signal 3 (SIGQUIT) received, shutting down
2024/11/07 10:23:36 [notice] 29#29: gracefully shutting down
2024/11/07 10:23:36 [notice] 29#29: exiting
2024/11/07 10:23:36 [notice] 29#29: exit
2024/11/07 10:23:36 [notice] 30#30: gracefully shutting down
2024/11/07 10:23:36 [notice] 30#30: exiting
2024/11/07 10:23:36 [notice] 30#30: exit
2024/11/07 10:23:36 [notice] 1#1: signal 17 (SIGCHLD) received from 30
2024/11/07 10:23:36 [notice] 1#1: worker process 29 exited with code 0
2024/11/07 10:23:36 [notice] 1#1: worker process 30 exited with code 0
2024/11/07 10:23:36 [notice] 1#1: exit
2024/11/07 10:23:42 [notice] 1#1: using the "epoll" event method
2024/11/07 10:23:42 [notice] 1#1: nginx/1.27.2
2024/11/07 10:23:42 [notice] 1#1: built by gcc 12.2.0 (Debian 12.2.0-14) 
2024/11/07 10:23:42 [notice] 1#1: OS: Linux 6.5.0-1025-azure
2024/11/07 10:23:42 [notice] 1#1: getrlimit(RLIMIT_NOFILE): 1048576:1048576
2024/11/07 10:23:42 [notice] 1#1: start worker processes
2024/11/07 10:23:42 [notice] 1#1: start worker process 30
2024/11/07 10:23:42 [notice] 1#1: start worker process 31
2024/11/07 11:06:36 [error] 31#31: *2 open() "/usr/share/nginx/html/favicon.ico" failed (2: No such file or directory), client: 172.18.0.1, server: localhost, request: "GET /favicon.ico HTTP/1.1", host: "localhost:8080", referrer: "https://glorious-computing-machine-qv6p9gx4p5347g5-8080.app.github.dev/"
2024/11/08 08:48:54 [notice] 1#1: using the "epoll" event method
2024/11/08 08:48:54 [notice] 1#1: nginx/1.27.2
2024/11/08 08:48:54 [notice] 1#1: built by gcc 12.2.0 (Debian 12.2.0-14) 
2024/11/08 08:48:54 [notice] 1#1: OS: Linux 6.5.0-1025-azure
2024/11/08 08:48:54 [notice] 1#1: getrlimit(RLIMIT_NOFILE): 1048576:1048576
2024/11/08 08:48:54 [notice] 1#1: start worker processes
2024/11/08 08:48:54 [notice] 1#1: start worker process 23
2024/11/08 08:48:54 [notice] 1#1: start worker process 24
2024/11/08 08:49:12 [notice] 1#1: signal 3 (SIGQUIT) received, shutting down
2024/11/08 08:49:12 [notice] 24#24: gracefully shutting down
2024/11/08 08:49:12 [notice] 24#24: exiting
2024/11/08 08:49:12 [notice] 24#24: exit
2024/11/08 08:49:12 [notice] 23#23: gracefully shutting down
2024/11/08 08:49:12 [notice] 23#23: exiting
2024/11/08 08:49:12 [notice] 23#23: exit
2024/11/08 08:49:12 [notice] 1#1: signal 17 (SIGCHLD) received from 23
2024/11/08 08:49:12 [notice] 1#1: worker process 23 exited with code 0
2024/11/08 08:49:12 [notice] 1#1: signal 29 (SIGIO) received
2024/11/08 08:49:12 [notice] 1#1: signal 17 (SIGCHLD) received from 24
2024/11/08 08:49:12 [notice] 1#1: worker process 24 exited with code 0
2024/11/08 08:49:12 [notice] 1#1: exit
2024/11/08 08:49:59 [notice] 1#1: using the "epoll" event method
2024/11/08 08:49:59 [notice] 1#1: nginx/1.27.2
2024/11/08 08:49:59 [notice] 1#1: built by gcc 12.2.0 (Debian 12.2.0-14) 
2024/11/08 08:49:59 [notice] 1#1: OS: Linux 6.5.0-1025-azure
2024/11/08 08:49:59 [notice] 1#1: getrlimit(RLIMIT_NOFILE): 1048576:1048576
2024/11/08 08:49:59 [notice] 1#1: start worker processes
2024/11/08 08:49:59 [notice] 1#1: start worker process 22
2024/11/08 08:49:59 [notice] 1#1: start worker process 23
2024/11/08 10:17:56 [notice] 1#1: using the "epoll" event method
2024/11/08 10:17:56 [notice] 1#1: nginx/1.27.2
2024/11/08 10:17:56 [notice] 1#1: built by gcc 12.2.0 (Debian 12.2.0-14) 
2024/11/08 10:17:56 [notice] 1#1: OS: Linux 6.5.0-1025-azure
2024/11/08 10:17:56 [notice] 1#1: getrlimit(RLIMIT_NOFILE): 1048576:1048576
2024/11/08 10:17:56 [notice] 1#1: start worker processes
2024/11/08 10:17:56 [notice] 1#1: start worker process 22
2024/11/08 10:17:56 [notice] 1#1: start worker process 23
2024/11/08 10:18:14 [notice] 1#1: signal 3 (SIGQUIT) received, shutting down
2024/11/08 10:18:14 [notice] 23#23: gracefully shutting down
2024/11/08 10:18:14 [notice] 23#23: exiting
2024/11/08 10:18:14 [notice] 22#22: gracefully shutting down
2024/11/08 10:18:14 [notice] 22#22: exiting
2024/11/08 10:18:14 [notice] 22#22: exit
2024/11/08 10:18:14 [notice] 23#23: exit
2024/11/08 10:18:14 [notice] 1#1: signal 17 (SIGCHLD) received from 22
2024/11/08 10:18:14 [notice] 1#1: worker process 22 exited with code 0
2024/11/08 10:18:14 [notice] 1#1: signal 29 (SIGIO) received
2024/11/08 10:18:14 [notice] 1#1: signal 17 (SIGCHLD) received from 23
2024/11/08 10:18:14 [notice] 1#1: worker process 23 exited with code 0
2024/11/08 10:18:14 [notice] 1#1: exit
2024/11/08 10:19:07 [notice] 1#1: using the "epoll" event method
2024/11/08 10:19:07 [notice] 1#1: nginx/1.27.2
2024/11/08 10:19:07 [notice] 1#1: built by gcc 12.2.0 (Debian 12.2.0-14) 
2024/11/08 10:19:07 [notice] 1#1: OS: Linux 6.5.0-1025-azure
2024/11/08 10:19:07 [notice] 1#1: getrlimit(RLIMIT_NOFILE): 1048576:1048576
2024/11/08 10:19:07 [notice] 1#1: start worker processes
2024/11/08 10:19:07 [notice] 1#1: start worker process 22
2024/11/08 10:19:07 [notice] 1#1: start worker process 23
2024/11/08 12:38:03 [notice] 1#1: using the "epoll" event method
2024/11/08 12:38:03 [notice] 1#1: nginx/1.27.2
2024/11/08 12:38:03 [notice] 1#1: built by gcc 12.2.0 (Debian 12.2.0-14) 
2024/11/08 12:38:03 [notice] 1#1: OS: Linux 6.5.0-1025-azure
2024/11/08 12:38:03 [notice] 1#1: getrlimit(RLIMIT_NOFILE): 1048576:1048576
2024/11/08 12:38:03 [notice] 1#1: start worker processes
2024/11/08 12:38:03 [notice] 1#1: start worker process 24
2024/11/08 12:38:03 [notice] 1#1: start worker process 25
2024/11/08 12:38:21 [notice] 1#1: signal 3 (SIGQUIT) received, shutting down
2024/11/08 12:38:21 [notice] 24#24: gracefully shutting down
2024/11/08 12:38:21 [notice] 24#24: exiting
2024/11/08 12:38:21 [notice] 25#25: gracefully shutting down
2024/11/08 12:38:21 [notice] 25#25: exiting
2024/11/08 12:38:21 [notice] 25#25: exit
2024/11/08 12:38:21 [notice] 24#24: exit
2024/11/08 12:38:21 [notice] 1#1: signal 17 (SIGCHLD) received from 24
2024/11/08 12:38:21 [notice] 1#1: worker process 24 exited with code 0
2024/11/08 12:38:21 [notice] 1#1: signal 29 (SIGIO) received
2024/11/08 12:38:21 [notice] 1#1: signal 17 (SIGCHLD) received from 25
2024/11/08 12:38:21 [notice] 1#1: worker process 25 exited with code 0
2024/11/08 12:38:21 [notice] 1#1: exit
2024/11/08 12:38:40 [notice] 1#1: using the "epoll" event method
2024/11/08 12:38:40 [notice] 1#1: nginx/1.27.2
2024/11/08 12:38:40 [notice] 1#1: built by gcc 12.2.0 (Debian 12.2.0-14) 
2024/11/08 12:38:40 [notice] 1#1: OS: Linux 6.5.0-1025-azure
2024/11/08 12:38:40 [notice] 1#1: getrlimit(RLIMIT_NOFILE): 1048576:1048576
2024/11/08 12:38:40 [notice] 1#1: start worker processes
2024/11/08 12:38:40 [notice] 1#1: start worker process 21
2024/11/08 12:38:40 [notice] 1#1: start worker process 22
2024/11/08 12:46:27 [notice] 1#1: signal 3 (SIGQUIT) received, shutting down
2024/11/08 12:46:27 [notice] 21#21: gracefully shutting down
2024/11/08 12:46:27 [notice] 21#21: exiting
2024/11/08 12:46:27 [notice] 21#21: exit
2024/11/08 12:46:27 [notice] 22#22: gracefully shutting down
2024/11/08 12:46:27 [notice] 22#22: exiting
2024/11/08 12:46:27 [notice] 22#22: exit
2024/11/08 12:46:27 [notice] 1#1: signal 17 (SIGCHLD) received from 22
2024/11/08 12:46:27 [notice] 1#1: worker process 22 exited with code 0
2024/11/08 12:46:27 [notice] 1#1: signal 29 (SIGIO) received
2024/11/08 12:46:27 [notice] 1#1: signal 17 (SIGCHLD) received from 21
2024/11/08 12:46:27 [notice] 1#1: worker process 21 exited with code 0
2024/11/08 12:46:27 [notice] 1#1: exit
2024/11/08 12:46:36 [notice] 1#1: using the "epoll" event method
2024/11/08 12:46:36 [notice] 1#1: nginx/1.27.2
2024/11/08 12:46:36 [notice] 1#1: built by gcc 12.2.0 (Debian 12.2.0-14) 
2024/11/08 12:46:36 [notice] 1#1: OS: Linux 6.5.0-1025-azure
2024/11/08 12:46:36 [notice] 1#1: getrlimit(RLIMIT_NOFILE): 1048576:1048576
2024/11/08 12:46:36 [notice] 1#1: start worker processes
2024/11/08 12:46:36 [notice] 1#1: start worker process 28
2024/11/08 12:46:36 [notice] 1#1: start worker process 29
2024/11/08 12:54:16 [notice] 1#1: signal 3 (SIGQUIT) received, shutting down
2024/11/08 12:54:16 [notice] 29#29: gracefully shutting down
2024/11/08 12:54:16 [notice] 28#28: gracefully shutting down
2024/11/08 12:54:16 [notice] 28#28: exiting
2024/11/08 12:54:16 [notice] 29#29: exiting
2024/11/08 12:54:16 [notice] 29#29: exit
2024/11/08 12:54:16 [notice] 28#28: exit
2024/11/08 12:54:16 [notice] 1#1: signal 17 (SIGCHLD) received from 28
2024/11/08 12:54:16 [notice] 1#1: worker process 28 exited with code 0
2024/11/08 12:54:16 [notice] 1#1: worker process 29 exited with code 0
2024/11/08 12:54:16 [notice] 1#1: exit
2024/11/08 12:54:28 [notice] 1#1: using the "epoll" event method
2024/11/08 12:54:28 [notice] 1#1: nginx/1.27.2
2024/11/08 12:54:28 [notice] 1#1: built by gcc 12.2.0 (Debian 12.2.0-14) 
2024/11/08 12:54:28 [notice] 1#1: OS: Linux 6.5.0-1025-azure
2024/11/08 12:54:28 [notice] 1#1: getrlimit(RLIMIT_NOFILE): 1048576:1048576
2024/11/08 12:54:28 [notice] 1#1: start worker processes
2024/11/08 12:54:28 [notice] 1#1: start worker process 29
2024/11/08 12:54:28 [notice] 1#1: start worker process 30
2024/11/08 13:02:34 [notice] 1#1: signal 3 (SIGQUIT) received, shutting down
2024/11/08 13:02:34 [notice] 29#29: gracefully shutting down
2024/11/08 13:02:34 [notice] 29#29: exiting
2024/11/08 13:02:34 [notice] 30#30: gracefully shutting down
2024/11/08 13:02:34 [notice] 30#30: exiting
2024/11/08 13:02:34 [notice] 29#29: exit
2024/11/08 13:02:34 [notice] 30#30: exit
2024/11/08 13:02:34 [notice] 1#1: signal 17 (SIGCHLD) received from 29
2024/11/08 13:02:34 [notice] 1#1: worker process 29 exited with code 0
2024/11/08 13:02:34 [notice] 1#1: worker process 30 exited with code 0
2024/11/08 13:02:34 [notice] 1#1: exit
2024/11/08 13:02:48 [notice] 1#1: using the "epoll" event method
2024/11/08 13:02:48 [notice] 1#1: nginx/1.27.2
2024/11/08 13:02:48 [notice] 1#1: built by gcc 12.2.0 (Debian 12.2.0-14) 
2024/11/08 13:02:48 [notice] 1#1: OS: Linux 6.5.0-1025-azure
2024/11/08 13:02:48 [notice] 1#1: getrlimit(RLIMIT_NOFILE): 1048576:1048576
2024/11/08 13:02:48 [notice] 1#1: start worker processes
2024/11/08 13:02:48 [notice] 1#1: start worker process 29
2024/11/08 13:02:48 [notice] 1#1: start worker process 30
2024/11/08 13:07:32 [notice] 1#1: signal 3 (SIGQUIT) received, shutting down
2024/11/08 13:07:32 [notice] 30#30: gracefully shutting down
2024/11/08 13:07:32 [notice] 29#29: gracefully shutting down
2024/11/08 13:07:32 [notice] 29#29: exiting
2024/11/08 13:07:32 [notice] 30#30: exiting
2024/11/08 13:07:32 [notice] 29#29: exit
2024/11/08 13:07:32 [notice] 30#30: exit
2024/11/08 13:07:32 [notice] 1#1: signal 17 (SIGCHLD) received from 30
2024/11/08 13:07:32 [notice] 1#1: worker process 30 exited with code 0
2024/11/08 13:07:32 [notice] 1#1: signal 29 (SIGIO) received
2024/11/08 13:07:32 [notice] 1#1: signal 17 (SIGCHLD) received from 29
2024/11/08 13:07:32 [notice] 1#1: worker process 29 exited with code 0
2024/11/08 13:07:32 [notice] 1#1: exit
2024/11/08 13:07:51 [notice] 1#1: using the "epoll" event method
2024/11/08 13:07:51 [notice] 1#1: nginx/1.27.2
2024/11/08 13:07:51 [notice] 1#1: built by gcc 12.2.0 (Debian 12.2.0-14) 
2024/11/08 13:07:51 [notice] 1#1: OS: Linux 6.5.0-1025-azure
2024/11/08 13:07:51 [notice] 1#1: getrlimit(RLIMIT_NOFILE): 1048576:1048576
2024/11/08 13:07:51 [notice] 1#1: start worker processes
2024/11/08 13:07:51 [notice] 1#1: start worker process 30
2024/11/08 13:07:51 [notice] 1#1: start worker process 31
2024/11/08 13:54:12 [notice] 1#1: signal 3 (SIGQUIT) received, shutting down
2024/11/08 13:54:12 [notice] 30#30: gracefully shutting down
2024/11/08 13:54:12 [notice] 30#30: exiting
2024/11/08 13:54:12 [notice] 31#31: gracefully shutting down
2024/11/08 13:54:12 [notice] 31#31: exiting
2024/11/08 13:54:12 [notice] 30#30: exit
2024/11/08 13:54:12 [notice] 31#31: exit
2024/11/08 13:54:12 [notice] 1#1: signal 17 (SIGCHLD) received from 30
2024/11/08 13:54:12 [notice] 1#1: worker process 30 exited with code 0
2024/11/08 13:54:12 [notice] 1#1: worker process 31 exited with code 0
2024/11/08 13:54:12 [notice] 1#1: exit
2024/11/08 13:55:37 [notice] 1#1: using the "epoll" event method
2024/11/08 13:55:37 [notice] 1#1: nginx/1.27.2
2024/11/08 13:55:37 [notice] 1#1: built by gcc 12.2.0 (Debian 12.2.0-14) 
2024/11/08 13:55:37 [notice] 1#1: OS: Linux 6.5.0-1025-azure
2024/11/08 13:55:37 [notice] 1#1: getrlimit(RLIMIT_NOFILE): 1048576:1048576
2024/11/08 13:55:37 [notice] 1#1: start worker processes
2024/11/08 13:55:37 [notice] 1#1: start worker process 29
2024/11/08 13:55:37 [notice] 1#1: start worker process 30
2024/11/08 14:01:06 [notice] 1#1: signal 3 (SIGQUIT) received, shutting down
2024/11/08 14:01:06 [notice] 29#29: gracefully shutting down
2024/11/08 14:01:06 [notice] 29#29: exiting
2024/11/08 14:01:06 [notice] 30#30: gracefully shutting down
2024/11/08 14:01:06 [notice] 30#30: exiting
2024/11/08 14:01:06 [notice] 30#30: exit
2024/11/08 14:01:06 [notice] 29#29: exit
2024/11/08 14:01:07 [notice] 1#1: signal 17 (SIGCHLD) received from 29
2024/11/08 14:01:07 [notice] 1#1: worker process 29 exited with code 0
2024/11/08 14:01:07 [notice] 1#1: signal 29 (SIGIO) received
2024/11/08 14:01:07 [notice] 1#1: signal 17 (SIGCHLD) received from 30
2024/11/08 14:01:07 [notice] 1#1: worker process 30 exited with code 0
2024/11/08 14:01:07 [notice] 1#1: exit
2024/11/08 14:01:24 [notice] 1#1: using the "epoll" event method
2024/11/08 14:01:24 [notice] 1#1: nginx/1.27.2
2024/11/08 14:01:24 [notice] 1#1: built by gcc 12.2.0 (Debian 12.2.0-14) 
2024/11/08 14:01:24 [notice] 1#1: OS: Linux 6.5.0-1025-azure
2024/11/08 14:01:24 [notice] 1#1: getrlimit(RLIMIT_NOFILE): 1048576:1048576
2024/11/08 14:01:24 [notice] 1#1: start worker processes
2024/11/08 14:01:24 [notice] 1#1: start worker process 28
2024/11/08 14:01:24 [notice] 1#1: start worker process 29
2024/11/08 14:25:23 [notice] 1#1: signal 3 (SIGQUIT) received, shutting down
2024/11/08 14:25:23 [notice] 29#29: gracefully shutting down
2024/11/08 14:25:23 [notice] 29#29: exiting
2024/11/08 14:25:23 [notice] 29#29: exit
2024/11/08 14:25:23 [notice] 28#28: gracefully shutting down
2024/11/08 14:25:23 [notice] 28#28: exiting
2024/11/08 14:25:23 [notice] 28#28: exit
2024/11/08 14:25:23 [notice] 1#1: signal 17 (SIGCHLD) received from 29
2024/11/08 14:25:23 [notice] 1#1: worker process 29 exited with code 0
2024/11/08 14:25:23 [notice] 1#1: signal 29 (SIGIO) received
2024/11/08 14:25:23 [notice] 1#1: signal 17 (SIGCHLD) received from 28
2024/11/08 14:25:23 [notice] 1#1: worker process 28 exited with code 0
2024/11/08 14:25:23 [notice] 1#1: exit
